SF:lib/core/failures_successes/failures.dart
DA:3,0
DA:7,0
LF:2
LH:0
end_of_record
SF:lib/core/services_locator.dart
DA:9,6
DA:11,2
DA:12,6
DA:13,6
DA:14,4
DA:15,6
DA:16,10
DA:17,10
LF:8
LH:8
end_of_record
SF:lib/features/show_news/data/data_sources/fetch_from_remote_ds.dart
DA:16,3
DA:18,1
DA:21,2
DA:23,1
DA:24,1
DA:25,0
DA:26,1
DA:30,1
DA:32,1
DA:34,3
DA:35,1
DA:36,1
DA:39,1
DA:41,3
DA:42,2
DA:43,1
DA:48,0
LF:17
LH:15
end_of_record
SF:lib/features/show_news/data/models/articels_model.dart
DA:4,1
DA:12,1
DA:18,1
DA:21,1
DA:23,0
DA:26,1
DA:29,0
DA:36,1
DA:37,1
DA:38,1
DA:39,1
DA:40,1
DA:41,1
DA:42,1
DA:43,1
DA:44,1
DA:47,2
DA:48,1
DA:49,1
DA:50,1
DA:51,1
DA:52,1
DA:53,2
DA:54,1
LF:24
LH:22
end_of_record
SF:lib/features/show_news/data/repositories/fetch_repo_impl.dart
DA:15,2
DA:17,1
DA:20,3
DA:21,0
DA:22,0
LF:5
LH:3
end_of_record
SF:lib/features/show_news/domain/entities/articles.dart
DA:10,3
LF:1
LH:1
end_of_record
SF:lib/core/failures_successes/exceptions.dart
DA:4,4
LF:1
LH:1
end_of_record
SF:lib/core/services/api_service.dart
DA:15,0
DA:22,0
DA:24,0
DA:27,0
DA:29,0
LF:5
LH:0
end_of_record
SF:lib/features/show_news/domain/usecases/fetch_news.dart
DA:12,2
DA:14,1
DA:15,2
LF:3
LH:3
end_of_record
SF:lib/features/show_news/presentation/news_cubit/news_state.dart
DA:8,1
DA:13,1
LF:2
LH:2
end_of_record
SF:lib/features/show_news/presentation/news_cubit/news_cubit.dart
DA:14,3
DA:16,1
DA:17,2
DA:20,2
DA:22,1
DA:23,0
DA:24,1
DA:26,3
DA:28,0
LF:9
LH:7
end_of_record
